log file: logs/210609-191749.log
--------------------------------------------------------------------------------
Config 1 (totally 2 configs)
No.1 training process of 1
loading file https://s3.amazonaws.com/models.huggingface.co/bert/bert-base-uncased-vocab.txt from cache at C:\Users\54367\.cache\torch\pytorch_transformers\26bc1ad6c0ac742e9b52263248f6d0f00068293b33709fae12320c0e35ccfbbb.542ce4285a40d23a559526243235df47c5f75c197f04f37d1a0c124c32c9a084
loading configuration file https://s3.amazonaws.com/models.huggingface.co/bert/bert-base-uncased-config.json from cache at C:\Users\54367\.cache\torch\pytorch_transformers\4dad0251492946e18ac39290fcfe91b89d370fee250efe9521476438fe8ca185.7156163d5fdc189c3016baca0775ffce230789d7fa2a42ef516483e4ca884517
Model config {
  "architectures": [
    "BertForMaskedLM"
  ],
  "attention_probs_dropout_prob": 0.1,
  "finetuning_task": null,
  "hidden_act": "gelu",
  "hidden_dropout_prob": 0.1,
  "hidden_size": 768,
  "initializer_range": 0.02,
  "intermediate_size": 3072,
  "layer_norm_eps": 1e-12,
  "max_position_embeddings": 512,
  "model_type": "bert",
  "num_attention_heads": 12,
  "num_hidden_layers": 12,
  "num_labels": 2,
  "output_attentions": false,
  "output_hidden_states": false,
  "pad_token_id": 0,
  "pruned_heads": {},
  "torchscript": false,
  "type_vocab_size": 2,
  "vocab_size": 30522
}

loading weights file https://s3.amazonaws.com/models.huggingface.co/bert/bert-base-uncased-pytorch_model.bin from cache at C:\Users\54367\.cache\torch\pytorch_transformers\aa1ef1aede4482d0dbcd4d52baad8ae300e60902e88fcb0bebdec09afd232066.36ca03ab34a1a5d5fa7bc3d03d55c4fa650fed07220e2eeebc06ce58d0e9a157
>>> dataset: laptop
>>> output_dir: output
>>> SRD: 5
>>> learning_rate: 3e-05
>>> use_unique_bert: True
>>> use_bert_spc: False
>>> local_context_focus: fusion
>>> num_train_epochs: 5.0
>>> train_batch_size: 4
>>> dropout: 0.0
>>> max_seq_length: 40
>>> eval_batch_size: 32
>>> eval_steps: 20
>>> gradient_accumulation_steps: 1
>>> device: cuda:0
>>> seed: 1
>>> bert_model: bert-base-uncased
>>> data_dir: atepc_datasets/laptop
***** Running training *****
  Num examples = 2327
  Batch size = 4
  Num steps = 2905
################################################################################
Train 1 Epoch1
################################################################################
################################################################################
Train 1 Epoch2
################################################################################
################################################################################
Train 1 Epoch3
################################################################################
################################################################################
Train 1 Epoch4
################################################################################
********************************************************************************
Train 1 Epoch4, Evaluate for atepc_datasets/laptop
APC_test_acc: 77.52(max: 77.52)  APC_test_f1: 72.89(max: 72.89)
ATE_test_f1: 79.26(max:79.26)
********************************************************************************
********************************************************************************
Train 1 Epoch4, Evaluate for atepc_datasets/laptop
APC_test_acc: 74.84(max: 77.52)  APC_test_f1: 70.49(max: 72.89)
ATE_test_f1: 81.09(max:81.09)
********************************************************************************
********************************************************************************
Train 1 Epoch4, Evaluate for atepc_datasets/laptop
APC_test_acc: 76.57(max: 77.52)  APC_test_f1: 71.58(max: 72.89)
ATE_test_f1: 82.84(max:82.84)
********************************************************************************
********************************************************************************
Train 1 Epoch4, Evaluate for atepc_datasets/laptop
APC_test_acc: 76.1(max: 77.52)  APC_test_f1: 71.37(max: 72.89)
ATE_test_f1: 82.26(max:82.84)
********************************************************************************
********************************************************************************
Train 1 Epoch4, Evaluate for atepc_datasets/laptop
APC_test_acc: 76.26(max: 77.52)  APC_test_f1: 72.22(max: 72.89)
ATE_test_f1: 79.26(max:82.84)
********************************************************************************
********************************************************************************
Train 1 Epoch4, Evaluate for atepc_datasets/laptop
APC_test_acc: 72.8(max: 77.52)  APC_test_f1: 64.47(max: 72.89)
ATE_test_f1: 79.94(max:82.84)
********************************************************************************
********************************************************************************
Train 1 Epoch4, Evaluate for atepc_datasets/laptop
APC_test_acc: 75.0(max: 77.52)  APC_test_f1: 68.89(max: 72.89)
ATE_test_f1: 82.27(max:82.84)
********************************************************************************
********************************************************************************
Train 1 Epoch4, Evaluate for atepc_datasets/laptop
APC_test_acc: 73.43(max: 77.52)  APC_test_f1: 71.04(max: 72.89)
ATE_test_f1: 81.47(max:82.84)
********************************************************************************
********************************************************************************
Train 1 Epoch4, Evaluate for atepc_datasets/laptop
APC_test_acc: 75.79(max: 77.52)  APC_test_f1: 70.86(max: 72.89)
ATE_test_f1: 79.79(max:82.84)
********************************************************************************
********************************************************************************
Train 1 Epoch4, Evaluate for atepc_datasets/laptop
APC_test_acc: 74.37(max: 77.52)  APC_test_f1: 70.07(max: 72.89)
ATE_test_f1: 79.75(max:82.84)
********************************************************************************
********************************************************************************
Train 1 Epoch4, Evaluate for atepc_datasets/laptop
APC_test_acc: 73.27(max: 77.52)  APC_test_f1: 65.67(max: 72.89)
ATE_test_f1: 77.66(max:82.84)
********************************************************************************
********************************************************************************
Train 1 Epoch4, Evaluate for atepc_datasets/laptop
APC_test_acc: 75.0(max: 77.52)  APC_test_f1: 71.25(max: 72.89)
ATE_test_f1: 77.82(max:82.84)
********************************************************************************
********************************************************************************
Train 1 Epoch4, Evaluate for atepc_datasets/laptop
APC_test_acc: 71.38(max: 77.52)  APC_test_f1: 66.38(max: 72.89)
ATE_test_f1: 79.8(max:82.84)
********************************************************************************
********************************************************************************
Train 1 Epoch4, Evaluate for atepc_datasets/laptop
APC_test_acc: 76.57(max: 77.52)  APC_test_f1: 72.73(max: 72.89)
ATE_test_f1: 77.28(max:82.84)
********************************************************************************
********************************************************************************
Train 1 Epoch4, Evaluate for atepc_datasets/laptop
APC_test_acc: 77.52(max: 77.52)  APC_test_f1: 73.75(max: 73.75)
ATE_test_f1: 80.2(max:82.84)
********************************************************************************
********************************************************************************
Train 1 Epoch4, Evaluate for atepc_datasets/laptop
APC_test_acc: 77.52(max: 77.52)  APC_test_f1: 73.5(max: 73.75)
ATE_test_f1: 80.85(max:82.84)
********************************************************************************
********************************************************************************
Train 1 Epoch4, Evaluate for atepc_datasets/laptop
APC_test_acc: 77.52(max: 77.52)  APC_test_f1: 74.16(max: 74.16)
ATE_test_f1: 81.9(max:82.84)
********************************************************************************
********************************************************************************
Train 1 Epoch4, Evaluate for atepc_datasets/laptop
APC_test_acc: 78.14(max: 78.14)  APC_test_f1: 74.25(max: 74.25)
ATE_test_f1: 81.32(max:82.84)
********************************************************************************
********************************************************************************
Train 1 Epoch4, Evaluate for atepc_datasets/laptop
APC_test_acc: 74.06(max: 78.14)  APC_test_f1: 66.06(max: 74.25)
ATE_test_f1: 81.86(max:82.84)
********************************************************************************
********************************************************************************
Train 1 Epoch4, Evaluate for atepc_datasets/laptop
APC_test_acc: 73.43(max: 78.14)  APC_test_f1: 70.62(max: 74.25)
ATE_test_f1: 82.63(max:82.84)
********************************************************************************
********************************************************************************
Train 1 Epoch4, Evaluate for atepc_datasets/laptop
APC_test_acc: 77.83(max: 78.14)  APC_test_f1: 74.3(max: 74.3)
ATE_test_f1: 79.86(max:82.84)
********************************************************************************
********************************************************************************
Train 1 Epoch4, Evaluate for atepc_datasets/laptop
APC_test_acc: 78.62(max: 78.62)  APC_test_f1: 75.59(max: 75.59)
ATE_test_f1: 80.9(max:82.84)
********************************************************************************
********************************************************************************
Train 1 Epoch4, Evaluate for atepc_datasets/laptop
APC_test_acc: 73.11(max: 78.62)  APC_test_f1: 65.19(max: 75.59)
ATE_test_f1: 77.9(max:82.84)
********************************************************************************
********************************************************************************
Train 1 Epoch4, Evaluate for atepc_datasets/laptop
APC_test_acc: 78.62(max: 78.62)  APC_test_f1: 73.81(max: 75.59)
ATE_test_f1: 80.93(max:82.84)
********************************************************************************
********************************************************************************
Train 1 Epoch4, Evaluate for atepc_datasets/laptop
APC_test_acc: 75.94(max: 78.62)  APC_test_f1: 70.53(max: 75.59)
ATE_test_f1: 81.14(max:82.84)
********************************************************************************
********************************************************************************
Train 1 Epoch4, Evaluate for atepc_datasets/laptop
APC_test_acc: 78.14(max: 78.62)  APC_test_f1: 75.35(max: 75.59)
ATE_test_f1: 81.25(max:82.84)
********************************************************************************
********************************************************************************
Train 1 Epoch4, Evaluate for atepc_datasets/laptop
APC_test_acc: 70.44(max: 78.62)  APC_test_f1: 60.01(max: 75.59)
ATE_test_f1: 80.87(max:82.84)
********************************************************************************
********************************************************************************
Train 1 Epoch4, Evaluate for atepc_datasets/laptop
APC_test_acc: 77.83(max: 78.62)  APC_test_f1: 74.46(max: 75.59)
ATE_test_f1: 81.18(max:82.84)
********************************************************************************
********************************************************************************
Train 1 Epoch4, Evaluate for atepc_datasets/laptop
APC_test_acc: 71.38(max: 78.62)  APC_test_f1: 67.24(max: 75.59)
ATE_test_f1: 81.58(max:82.84)
********************************************************************************
################################################################################
Train 1 Epoch5
################################################################################
********************************************************************************
Train 1 Epoch5, Evaluate for atepc_datasets/laptop
APC_test_acc: 78.3(max: 78.62)  APC_test_f1: 73.58(max: 75.59)
ATE_test_f1: 80.22(max:82.84)
********************************************************************************
********************************************************************************
Train 1 Epoch5, Evaluate for atepc_datasets/laptop
APC_test_acc: 77.52(max: 78.62)  APC_test_f1: 74.15(max: 75.59)
ATE_test_f1: 82.04(max:82.84)
********************************************************************************
********************************************************************************
Train 1 Epoch5, Evaluate for atepc_datasets/laptop
APC_test_acc: 75.0(max: 78.62)  APC_test_f1: 70.74(max: 75.59)
ATE_test_f1: 82.9(max:82.9)
********************************************************************************
********************************************************************************
Train 1 Epoch5, Evaluate for atepc_datasets/laptop
APC_test_acc: 76.57(max: 78.62)  APC_test_f1: 70.65(max: 75.59)
ATE_test_f1: 81.6(max:82.9)
********************************************************************************
********************************************************************************
Train 1 Epoch5, Evaluate for atepc_datasets/laptop
APC_test_acc: 76.73(max: 78.62)  APC_test_f1: 72.49(max: 75.59)
ATE_test_f1: 80.77(max:82.9)
********************************************************************************
********************************************************************************
Train 1 Epoch5, Evaluate for atepc_datasets/laptop
APC_test_acc: 75.47(max: 78.62)  APC_test_f1: 72.3(max: 75.59)
ATE_test_f1: 78.08(max:82.9)
********************************************************************************
********************************************************************************
Train 1 Epoch5, Evaluate for atepc_datasets/laptop
APC_test_acc: 74.37(max: 78.62)  APC_test_f1: 67.74(max: 75.59)
ATE_test_f1: 80.6(max:82.9)
********************************************************************************
********************************************************************************
Train 1 Epoch5, Evaluate for atepc_datasets/laptop
APC_test_acc: 74.69(max: 78.62)  APC_test_f1: 71.37(max: 75.59)
ATE_test_f1: 81.41(max:82.9)
********************************************************************************
********************************************************************************
Train 1 Epoch5, Evaluate for atepc_datasets/laptop
APC_test_acc: 75.31(max: 78.62)  APC_test_f1: 70.69(max: 75.59)
ATE_test_f1: 80.91(max:82.9)
********************************************************************************
********************************************************************************
Train 1 Epoch5, Evaluate for atepc_datasets/laptop
APC_test_acc: 73.43(max: 78.62)  APC_test_f1: 65.23(max: 75.59)
ATE_test_f1: 77.98(max:82.9)
********************************************************************************
********************************************************************************
Train 1 Epoch5, Evaluate for atepc_datasets/laptop
APC_test_acc: 72.64(max: 78.62)  APC_test_f1: 67.8(max: 75.59)
ATE_test_f1: 79.73(max:82.9)
********************************************************************************
********************************************************************************
Train 1 Epoch5, Evaluate for atepc_datasets/laptop
APC_test_acc: 75.16(max: 78.62)  APC_test_f1: 69.28(max: 75.59)
ATE_test_f1: 78.38(max:82.9)
********************************************************************************
********************************************************************************
Train 1 Epoch5, Evaluate for atepc_datasets/laptop
APC_test_acc: 72.01(max: 78.62)  APC_test_f1: 67.93(max: 75.59)
ATE_test_f1: 79.79(max:82.9)
********************************************************************************
********************************************************************************
Train 1 Epoch5, Evaluate for atepc_datasets/laptop
APC_test_acc: 72.33(max: 78.62)  APC_test_f1: 66.95(max: 75.59)
ATE_test_f1: 79.95(max:82.9)
********************************************************************************
********************************************************************************
Train 1 Epoch5, Evaluate for atepc_datasets/laptop
APC_test_acc: 75.63(max: 78.62)  APC_test_f1: 70.24(max: 75.59)
ATE_test_f1: 78.04(max:82.9)
********************************************************************************
********************************************************************************
Train 1 Epoch5, Evaluate for atepc_datasets/laptop
APC_test_acc: 75.16(max: 78.62)  APC_test_f1: 70.52(max: 75.59)
ATE_test_f1: 79.57(max:82.9)
********************************************************************************
********************************************************************************
Train 1 Epoch5, Evaluate for atepc_datasets/laptop
APC_test_acc: 75.79(max: 78.62)  APC_test_f1: 71.53(max: 75.59)
ATE_test_f1: 82.14(max:82.9)
********************************************************************************
********************************************************************************
Train 1 Epoch5, Evaluate for atepc_datasets/laptop
APC_test_acc: 76.42(max: 78.62)  APC_test_f1: 72.53(max: 75.59)
ATE_test_f1: 81.0(max:82.9)
********************************************************************************
********************************************************************************
Train 1 Epoch5, Evaluate for atepc_datasets/laptop
APC_test_acc: 75.31(max: 78.62)  APC_test_f1: 69.46(max: 75.59)
ATE_test_f1: 80.38(max:82.9)
********************************************************************************
********************************************************************************
Train 1 Epoch5, Evaluate for atepc_datasets/laptop
APC_test_acc: 76.73(max: 78.62)  APC_test_f1: 73.12(max: 75.59)
ATE_test_f1: 79.56(max:82.9)
********************************************************************************
********************************************************************************
Train 1 Epoch5, Evaluate for atepc_datasets/laptop
APC_test_acc: 78.14(max: 78.62)  APC_test_f1: 74.28(max: 75.59)
ATE_test_f1: 81.28(max:82.9)
********************************************************************************
********************************************************************************
Train 1 Epoch5, Evaluate for atepc_datasets/laptop
APC_test_acc: 76.89(max: 78.62)  APC_test_f1: 72.1(max: 75.59)
ATE_test_f1: 81.39(max:82.9)
********************************************************************************
********************************************************************************
Train 1 Epoch5, Evaluate for atepc_datasets/laptop
APC_test_acc: 77.36(max: 78.62)  APC_test_f1: 73.2(max: 75.59)
ATE_test_f1: 78.09(max:82.9)
********************************************************************************
********************************************************************************
Train 1 Epoch5, Evaluate for atepc_datasets/laptop
APC_test_acc: 72.64(max: 78.62)  APC_test_f1: 64.35(max: 75.59)
ATE_test_f1: 79.71(max:82.9)
********************************************************************************
********************************************************************************
Train 1 Epoch5, Evaluate for atepc_datasets/laptop
APC_test_acc: 77.04(max: 78.62)  APC_test_f1: 72.31(max: 75.59)
ATE_test_f1: 81.26(max:82.9)
********************************************************************************
********************************************************************************
Train 1 Epoch5, Evaluate for atepc_datasets/laptop
APC_test_acc: 74.69(max: 78.62)  APC_test_f1: 68.46(max: 75.59)
ATE_test_f1: 81.46(max:82.9)
********************************************************************************
********************************************************************************
Train 1 Epoch5, Evaluate for atepc_datasets/laptop
APC_test_acc: 71.7(max: 78.62)  APC_test_f1: 69.23(max: 75.59)
ATE_test_f1: 82.11(max:82.9)
********************************************************************************
********************************************************************************
Train 1 Epoch5, Evaluate for atepc_datasets/laptop
APC_test_acc: 70.13(max: 78.62)  APC_test_f1: 59.97(max: 75.59)
ATE_test_f1: 80.37(max:82.9)
********************************************************************************
********************************************************************************
Train 1 Epoch5, Evaluate for atepc_datasets/laptop
APC_test_acc: 74.84(max: 78.62)  APC_test_f1: 70.23(max: 75.59)
ATE_test_f1: 78.82(max:82.9)
********************************************************************************
max_ate_test_f1:82.9 max_apc_test_acc: 78.62	max_apc_test_f1: 75.59 	
--------------------------------------------------------------------------------
Config 2 (totally 2 configs)
No.1 training process of 1
loading file https://s3.amazonaws.com/models.huggingface.co/bert/bert-base-uncased-vocab.txt from cache at C:\Users\54367\.cache\torch\pytorch_transformers\26bc1ad6c0ac742e9b52263248f6d0f00068293b33709fae12320c0e35ccfbbb.542ce4285a40d23a559526243235df47c5f75c197f04f37d1a0c124c32c9a084
loading configuration file https://s3.amazonaws.com/models.huggingface.co/bert/bert-base-uncased-config.json from cache at C:\Users\54367\.cache\torch\pytorch_transformers\4dad0251492946e18ac39290fcfe91b89d370fee250efe9521476438fe8ca185.7156163d5fdc189c3016baca0775ffce230789d7fa2a42ef516483e4ca884517
Model config {
  "architectures": [
    "BertForMaskedLM"
  ],
  "attention_probs_dropout_prob": 0.1,
  "finetuning_task": null,
  "hidden_act": "gelu",
  "hidden_dropout_prob": 0.1,
  "hidden_size": 768,
  "initializer_range": 0.02,
  "intermediate_size": 3072,
  "layer_norm_eps": 1e-12,
  "max_position_embeddings": 512,
  "model_type": "bert",
  "num_attention_heads": 12,
  "num_hidden_layers": 12,
  "num_labels": 2,
  "output_attentions": false,
  "output_hidden_states": false,
  "pad_token_id": 0,
  "pruned_heads": {},
  "torchscript": false,
  "type_vocab_size": 2,
  "vocab_size": 30522
}

loading weights file https://s3.amazonaws.com/models.huggingface.co/bert/bert-base-uncased-pytorch_model.bin from cache at C:\Users\54367\.cache\torch\pytorch_transformers\aa1ef1aede4482d0dbcd4d52baad8ae300e60902e88fcb0bebdec09afd232066.36ca03ab34a1a5d5fa7bc3d03d55c4fa650fed07220e2eeebc06ce58d0e9a157
>>> dataset: restaurant
>>> output_dir: output
>>> SRD: 5
>>> learning_rate: 3e-05
>>> use_unique_bert: True
>>> use_bert_spc: False
>>> local_context_focus: fusion
>>> num_train_epochs: 5.0
>>> train_batch_size: 4
>>> dropout: 0.0
>>> max_seq_length: 40
>>> eval_batch_size: 32
>>> eval_steps: 20
>>> gradient_accumulation_steps: 1
>>> device: cuda:0
>>> seed: 1
>>> bert_model: bert-base-uncased
>>> data_dir: atepc_datasets/restaurant
***** Running training *****
  Num examples = 3602
  Batch size = 4
  Num steps = 4500
################################################################################
Train 1 Epoch1
################################################################################
################################################################################
Train 1 Epoch2
################################################################################
################################################################################
Train 1 Epoch3
################################################################################
################################################################################
Train 1 Epoch4
################################################################################
********************************************************************************
Train 1 Epoch4, Evaluate for atepc_datasets/restaurant
APC_test_acc: 80.34(max: 80.34)  APC_test_f1: 69.19(max: 69.19)
ATE_test_f1: 84.44(max:84.44)
********************************************************************************
********************************************************************************
Train 1 Epoch4, Evaluate for atepc_datasets/restaurant
APC_test_acc: 81.23(max: 81.23)  APC_test_f1: 70.29(max: 70.29)
ATE_test_f1: 84.83(max:84.83)
********************************************************************************
********************************************************************************
Train 1 Epoch4, Evaluate for atepc_datasets/restaurant
APC_test_acc: 80.43(max: 81.23)  APC_test_f1: 67.71(max: 70.29)
ATE_test_f1: 84.99(max:84.99)
********************************************************************************
********************************************************************************
Train 1 Epoch4, Evaluate for atepc_datasets/restaurant
APC_test_acc: 79.54(max: 81.23)  APC_test_f1: 64.75(max: 70.29)
ATE_test_f1: 84.46(max:84.99)
********************************************************************************
********************************************************************************
Train 1 Epoch4, Evaluate for atepc_datasets/restaurant
APC_test_acc: 81.41(max: 81.41)  APC_test_f1: 74.0(max: 74.0)
ATE_test_f1: 83.83(max:84.99)
********************************************************************************
********************************************************************************
Train 1 Epoch4, Evaluate for atepc_datasets/restaurant
APC_test_acc: 81.59(max: 81.59)  APC_test_f1: 72.98(max: 74.0)
ATE_test_f1: 83.97(max:84.99)
********************************************************************************
********************************************************************************
Train 1 Epoch4, Evaluate for atepc_datasets/restaurant
APC_test_acc: 81.59(max: 81.59)  APC_test_f1: 74.13(max: 74.13)
ATE_test_f1: 83.46(max:84.99)
********************************************************************************
********************************************************************************
Train 1 Epoch4, Evaluate for atepc_datasets/restaurant
APC_test_acc: 80.88(max: 81.59)  APC_test_f1: 73.84(max: 74.13)
ATE_test_f1: 83.28(max:84.99)
********************************************************************************
********************************************************************************
Train 1 Epoch4, Evaluate for atepc_datasets/restaurant
APC_test_acc: 81.59(max: 81.59)  APC_test_f1: 70.66(max: 74.13)
ATE_test_f1: 83.9(max:84.99)
********************************************************************************
********************************************************************************
Train 1 Epoch4, Evaluate for atepc_datasets/restaurant
APC_test_acc: 81.23(max: 81.59)  APC_test_f1: 70.81(max: 74.13)
ATE_test_f1: 84.35(max:84.99)
********************************************************************************
********************************************************************************
Train 1 Epoch4, Evaluate for atepc_datasets/restaurant
APC_test_acc: 81.32(max: 81.59)  APC_test_f1: 71.13(max: 74.13)
ATE_test_f1: 83.82(max:84.99)
********************************************************************************
********************************************************************************
Train 1 Epoch4, Evaluate for atepc_datasets/restaurant
APC_test_acc: 81.32(max: 81.59)  APC_test_f1: 71.98(max: 74.13)
ATE_test_f1: 82.64(max:84.99)
********************************************************************************
********************************************************************************
Train 1 Epoch4, Evaluate for atepc_datasets/restaurant
APC_test_acc: 81.32(max: 81.59)  APC_test_f1: 68.29(max: 74.13)
ATE_test_f1: 84.25(max:84.99)
********************************************************************************
********************************************************************************
Train 1 Epoch4, Evaluate for atepc_datasets/restaurant
APC_test_acc: 81.59(max: 81.59)  APC_test_f1: 70.49(max: 74.13)
ATE_test_f1: 84.23(max:84.99)
********************************************************************************
********************************************************************************
Train 1 Epoch4, Evaluate for atepc_datasets/restaurant
APC_test_acc: 81.23(max: 81.59)  APC_test_f1: 71.37(max: 74.13)
ATE_test_f1: 83.8(max:84.99)
********************************************************************************
********************************************************************************
Train 1 Epoch4, Evaluate for atepc_datasets/restaurant
APC_test_acc: 81.32(max: 81.59)  APC_test_f1: 71.61(max: 74.13)
ATE_test_f1: 82.86(max:84.99)
********************************************************************************
********************************************************************************
Train 1 Epoch4, Evaluate for atepc_datasets/restaurant
APC_test_acc: 82.22(max: 82.22)  APC_test_f1: 73.64(max: 74.13)
ATE_test_f1: 84.32(max:84.99)
********************************************************************************
********************************************************************************
Train 1 Epoch4, Evaluate for atepc_datasets/restaurant
APC_test_acc: 75.34(max: 82.22)  APC_test_f1: 70.24(max: 74.13)
ATE_test_f1: 84.53(max:84.99)
********************************************************************************
********************************************************************************
Train 1 Epoch4, Evaluate for atepc_datasets/restaurant
APC_test_acc: 82.84(max: 82.84)  APC_test_f1: 74.61(max: 74.61)
ATE_test_f1: 83.8(max:84.99)
********************************************************************************
********************************************************************************
Train 1 Epoch4, Evaluate for atepc_datasets/restaurant
APC_test_acc: 82.13(max: 82.84)  APC_test_f1: 72.86(max: 74.61)
ATE_test_f1: 84.14(max:84.99)
********************************************************************************
********************************************************************************
Train 1 Epoch4, Evaluate for atepc_datasets/restaurant
APC_test_acc: 81.59(max: 82.84)  APC_test_f1: 71.96(max: 74.61)
ATE_test_f1: 84.75(max:84.99)
********************************************************************************
********************************************************************************
Train 1 Epoch4, Evaluate for atepc_datasets/restaurant
APC_test_acc: 80.61(max: 82.84)  APC_test_f1: 68.93(max: 74.61)
ATE_test_f1: 86.35(max:86.35)
********************************************************************************
********************************************************************************
Train 1 Epoch4, Evaluate for atepc_datasets/restaurant
APC_test_acc: 82.04(max: 82.84)  APC_test_f1: 71.51(max: 74.61)
ATE_test_f1: 85.89(max:86.35)
********************************************************************************
********************************************************************************
Train 1 Epoch4, Evaluate for atepc_datasets/restaurant
APC_test_acc: 82.22(max: 82.84)  APC_test_f1: 73.46(max: 74.61)
ATE_test_f1: 85.49(max:86.35)
********************************************************************************
********************************************************************************
Train 1 Epoch4, Evaluate for atepc_datasets/restaurant
APC_test_acc: 82.57(max: 82.84)  APC_test_f1: 73.97(max: 74.61)
ATE_test_f1: 85.93(max:86.35)
********************************************************************************
********************************************************************************
Train 1 Epoch4, Evaluate for atepc_datasets/restaurant
APC_test_acc: 82.13(max: 82.84)  APC_test_f1: 71.93(max: 74.61)
ATE_test_f1: 86.16(max:86.35)
********************************************************************************
********************************************************************************
Train 1 Epoch4, Evaluate for atepc_datasets/restaurant
APC_test_acc: 80.79(max: 82.84)  APC_test_f1: 70.66(max: 74.61)
ATE_test_f1: 86.52(max:86.52)
********************************************************************************
********************************************************************************
Train 1 Epoch4, Evaluate for atepc_datasets/restaurant
APC_test_acc: 81.86(max: 82.84)  APC_test_f1: 74.27(max: 74.61)
ATE_test_f1: 85.52(max:86.52)
********************************************************************************
********************************************************************************
Train 1 Epoch4, Evaluate for atepc_datasets/restaurant
APC_test_acc: 80.7(max: 82.84)  APC_test_f1: 71.12(max: 74.61)
ATE_test_f1: 85.02(max:86.52)
********************************************************************************
********************************************************************************
Train 1 Epoch4, Evaluate for atepc_datasets/restaurant
APC_test_acc: 82.75(max: 82.84)  APC_test_f1: 72.21(max: 74.61)
ATE_test_f1: 85.39(max:86.52)
********************************************************************************
********************************************************************************
Train 1 Epoch4, Evaluate for atepc_datasets/restaurant
APC_test_acc: 81.32(max: 82.84)  APC_test_f1: 67.87(max: 74.61)
ATE_test_f1: 84.63(max:86.52)
********************************************************************************
********************************************************************************
Train 1 Epoch4, Evaluate for atepc_datasets/restaurant
APC_test_acc: 80.16(max: 82.84)  APC_test_f1: 73.65(max: 74.61)
ATE_test_f1: 84.28(max:86.52)
********************************************************************************
********************************************************************************
Train 1 Epoch4, Evaluate for atepc_datasets/restaurant
APC_test_acc: 83.02(max: 83.02)  APC_test_f1: 74.85(max: 74.85)
ATE_test_f1: 84.19(max:86.52)
********************************************************************************
********************************************************************************
Train 1 Epoch4, Evaluate for atepc_datasets/restaurant
APC_test_acc: 82.04(max: 83.02)  APC_test_f1: 71.22(max: 74.85)
ATE_test_f1: 81.92(max:86.52)
********************************************************************************
********************************************************************************
Train 1 Epoch4, Evaluate for atepc_datasets/restaurant
APC_test_acc: 82.84(max: 83.02)  APC_test_f1: 74.94(max: 74.94)
ATE_test_f1: 84.05(max:86.52)
********************************************************************************
********************************************************************************
Train 1 Epoch4, Evaluate for atepc_datasets/restaurant
APC_test_acc: 81.05(max: 83.02)  APC_test_f1: 68.33(max: 74.94)
ATE_test_f1: 84.82(max:86.52)
********************************************************************************
********************************************************************************
Train 1 Epoch4, Evaluate for atepc_datasets/restaurant
APC_test_acc: 82.13(max: 83.02)  APC_test_f1: 71.4(max: 74.94)
ATE_test_f1: 83.66(max:86.52)
********************************************************************************
********************************************************************************
Train 1 Epoch4, Evaluate for atepc_datasets/restaurant
APC_test_acc: 81.77(max: 83.02)  APC_test_f1: 71.16(max: 74.94)
ATE_test_f1: 83.53(max:86.52)
********************************************************************************
********************************************************************************
Train 1 Epoch4, Evaluate for atepc_datasets/restaurant
APC_test_acc: 81.41(max: 83.02)  APC_test_f1: 71.75(max: 74.94)
ATE_test_f1: 82.62(max:86.52)
********************************************************************************
********************************************************************************
Train 1 Epoch4, Evaluate for atepc_datasets/restaurant
APC_test_acc: 77.21(max: 83.02)  APC_test_f1: 72.19(max: 74.94)
ATE_test_f1: 81.07(max:86.52)
********************************************************************************
********************************************************************************
Train 1 Epoch4, Evaluate for atepc_datasets/restaurant
APC_test_acc: 81.86(max: 83.02)  APC_test_f1: 70.88(max: 74.94)
ATE_test_f1: 81.94(max:86.52)
********************************************************************************
********************************************************************************
Train 1 Epoch4, Evaluate for atepc_datasets/restaurant
APC_test_acc: 82.84(max: 83.02)  APC_test_f1: 74.63(max: 74.94)
ATE_test_f1: 81.95(max:86.52)
********************************************************************************
********************************************************************************
Train 1 Epoch4, Evaluate for atepc_datasets/restaurant
APC_test_acc: 83.11(max: 83.11)  APC_test_f1: 73.72(max: 74.94)
ATE_test_f1: 84.0(max:86.52)
********************************************************************************
********************************************************************************
Train 1 Epoch4, Evaluate for atepc_datasets/restaurant
APC_test_acc: 81.77(max: 83.11)  APC_test_f1: 70.84(max: 74.94)
ATE_test_f1: 84.4(max:86.52)
********************************************************************************
********************************************************************************
Train 1 Epoch4, Evaluate for atepc_datasets/restaurant
APC_test_acc: 83.11(max: 83.11)  APC_test_f1: 76.09(max: 76.09)
ATE_test_f1: 85.56(max:86.52)
********************************************************************************
################################################################################
Train 1 Epoch5
################################################################################
********************************************************************************
Train 1 Epoch5, Evaluate for atepc_datasets/restaurant
APC_test_acc: 82.75(max: 83.11)  APC_test_f1: 76.54(max: 76.54)
ATE_test_f1: 84.65(max:86.52)
********************************************************************************
********************************************************************************
Train 1 Epoch5, Evaluate for atepc_datasets/restaurant
APC_test_acc: 82.48(max: 83.11)  APC_test_f1: 72.94(max: 76.54)
ATE_test_f1: 84.96(max:86.52)
********************************************************************************
********************************************************************************
Train 1 Epoch5, Evaluate for atepc_datasets/restaurant
APC_test_acc: 82.22(max: 83.11)  APC_test_f1: 71.25(max: 76.54)
ATE_test_f1: 85.75(max:86.52)
********************************************************************************
********************************************************************************
Train 1 Epoch5, Evaluate for atepc_datasets/restaurant
APC_test_acc: 83.11(max: 83.11)  APC_test_f1: 74.17(max: 76.54)
ATE_test_f1: 85.67(max:86.52)
********************************************************************************
********************************************************************************
Train 1 Epoch5, Evaluate for atepc_datasets/restaurant
APC_test_acc: 82.57(max: 83.11)  APC_test_f1: 73.05(max: 76.54)
ATE_test_f1: 86.2(max:86.52)
********************************************************************************
********************************************************************************
Train 1 Epoch5, Evaluate for atepc_datasets/restaurant
APC_test_acc: 82.84(max: 83.11)  APC_test_f1: 77.55(max: 77.55)
ATE_test_f1: 85.79(max:86.52)
********************************************************************************
********************************************************************************
Train 1 Epoch5, Evaluate for atepc_datasets/restaurant
APC_test_acc: 82.57(max: 83.11)  APC_test_f1: 73.86(max: 77.55)
ATE_test_f1: 84.74(max:86.52)
********************************************************************************
********************************************************************************
Train 1 Epoch5, Evaluate for atepc_datasets/restaurant
APC_test_acc: 82.57(max: 83.11)  APC_test_f1: 73.54(max: 77.55)
ATE_test_f1: 85.4(max:86.52)
********************************************************************************
********************************************************************************
Train 1 Epoch5, Evaluate for atepc_datasets/restaurant
APC_test_acc: 81.95(max: 83.11)  APC_test_f1: 73.1(max: 77.55)
ATE_test_f1: 84.49(max:86.52)
********************************************************************************
********************************************************************************
Train 1 Epoch5, Evaluate for atepc_datasets/restaurant
APC_test_acc: 83.38(max: 83.38)  APC_test_f1: 74.04(max: 77.55)
ATE_test_f1: 86.27(max:86.52)
********************************************************************************
********************************************************************************
Train 1 Epoch5, Evaluate for atepc_datasets/restaurant
APC_test_acc: 83.74(max: 83.74)  APC_test_f1: 76.16(max: 77.55)
ATE_test_f1: 85.62(max:86.52)
********************************************************************************
********************************************************************************
Train 1 Epoch5, Evaluate for atepc_datasets/restaurant
APC_test_acc: 83.65(max: 83.74)  APC_test_f1: 76.1(max: 77.55)
ATE_test_f1: 85.55(max:86.52)
********************************************************************************
********************************************************************************
Train 1 Epoch5, Evaluate for atepc_datasets/restaurant
APC_test_acc: 82.75(max: 83.74)  APC_test_f1: 73.65(max: 77.55)
ATE_test_f1: 84.78(max:86.52)
********************************************************************************
********************************************************************************
Train 1 Epoch5, Evaluate for atepc_datasets/restaurant
APC_test_acc: 81.14(max: 83.74)  APC_test_f1: 69.18(max: 77.55)
ATE_test_f1: 83.73(max:86.52)
********************************************************************************
********************************************************************************
Train 1 Epoch5, Evaluate for atepc_datasets/restaurant
APC_test_acc: 80.61(max: 83.74)  APC_test_f1: 71.02(max: 77.55)
ATE_test_f1: 83.7(max:86.52)
********************************************************************************
********************************************************************************
Train 1 Epoch5, Evaluate for atepc_datasets/restaurant
APC_test_acc: 81.59(max: 83.74)  APC_test_f1: 72.81(max: 77.55)
ATE_test_f1: 83.6(max:86.52)
********************************************************************************
********************************************************************************
Train 1 Epoch5, Evaluate for atepc_datasets/restaurant
APC_test_acc: 82.84(max: 83.74)  APC_test_f1: 74.81(max: 77.55)
ATE_test_f1: 81.96(max:86.52)
********************************************************************************
********************************************************************************
Train 1 Epoch5, Evaluate for atepc_datasets/restaurant
APC_test_acc: 80.07(max: 83.74)  APC_test_f1: 65.57(max: 77.55)
ATE_test_f1: 82.32(max:86.52)
********************************************************************************
********************************************************************************
Train 1 Epoch5, Evaluate for atepc_datasets/restaurant
APC_test_acc: 80.07(max: 83.74)  APC_test_f1: 70.09(max: 77.55)
ATE_test_f1: 83.66(max:86.52)
********************************************************************************
********************************************************************************
Train 1 Epoch5, Evaluate for atepc_datasets/restaurant
APC_test_acc: 80.25(max: 83.74)  APC_test_f1: 66.88(max: 77.55)
ATE_test_f1: 83.83(max:86.52)
********************************************************************************
********************************************************************************
Train 1 Epoch5, Evaluate for atepc_datasets/restaurant
APC_test_acc: 78.82(max: 83.74)  APC_test_f1: 66.71(max: 77.55)
ATE_test_f1: 84.35(max:86.52)
********************************************************************************
********************************************************************************
Train 1 Epoch5, Evaluate for atepc_datasets/restaurant
APC_test_acc: 80.88(max: 83.74)  APC_test_f1: 71.38(max: 77.55)
ATE_test_f1: 85.78(max:86.52)
********************************************************************************
********************************************************************************
Train 1 Epoch5, Evaluate for atepc_datasets/restaurant
APC_test_acc: 79.8(max: 83.74)  APC_test_f1: 66.15(max: 77.55)
ATE_test_f1: 84.79(max:86.52)
********************************************************************************
********************************************************************************
Train 1 Epoch5, Evaluate for atepc_datasets/restaurant
APC_test_acc: 82.48(max: 83.74)  APC_test_f1: 72.2(max: 77.55)
ATE_test_f1: 85.9(max:86.52)
********************************************************************************
********************************************************************************
Train 1 Epoch5, Evaluate for atepc_datasets/restaurant
APC_test_acc: 82.04(max: 83.74)  APC_test_f1: 73.11(max: 77.55)
ATE_test_f1: 86.74(max:86.74)
********************************************************************************
********************************************************************************
Train 1 Epoch5, Evaluate for atepc_datasets/restaurant
APC_test_acc: 82.66(max: 83.74)  APC_test_f1: 73.68(max: 77.55)
ATE_test_f1: 86.84(max:86.84)
********************************************************************************
********************************************************************************
Train 1 Epoch5, Evaluate for atepc_datasets/restaurant
APC_test_acc: 81.95(max: 83.74)  APC_test_f1: 74.03(max: 77.55)
ATE_test_f1: 86.3(max:86.84)
********************************************************************************
********************************************************************************
Train 1 Epoch5, Evaluate for atepc_datasets/restaurant
APC_test_acc: 82.48(max: 83.74)  APC_test_f1: 74.29(max: 77.55)
ATE_test_f1: 85.46(max:86.84)
********************************************************************************
********************************************************************************
Train 1 Epoch5, Evaluate for atepc_datasets/restaurant
APC_test_acc: 80.43(max: 83.74)  APC_test_f1: 68.9(max: 77.55)
ATE_test_f1: 84.84(max:86.84)
********************************************************************************
********************************************************************************
Train 1 Epoch5, Evaluate for atepc_datasets/restaurant
APC_test_acc: 80.34(max: 83.74)  APC_test_f1: 67.07(max: 77.55)
ATE_test_f1: 85.22(max:86.84)
********************************************************************************
********************************************************************************
Train 1 Epoch5, Evaluate for atepc_datasets/restaurant
APC_test_acc: 81.14(max: 83.74)  APC_test_f1: 70.57(max: 77.55)
ATE_test_f1: 85.52(max:86.84)
********************************************************************************
********************************************************************************
Train 1 Epoch5, Evaluate for atepc_datasets/restaurant
APC_test_acc: 82.39(max: 83.74)  APC_test_f1: 72.96(max: 77.55)
ATE_test_f1: 85.62(max:86.84)
********************************************************************************
********************************************************************************
Train 1 Epoch5, Evaluate for atepc_datasets/restaurant
APC_test_acc: 80.52(max: 83.74)  APC_test_f1: 72.51(max: 77.55)
ATE_test_f1: 84.14(max:86.84)
********************************************************************************
********************************************************************************
Train 1 Epoch5, Evaluate for atepc_datasets/restaurant
APC_test_acc: 81.32(max: 83.74)  APC_test_f1: 69.48(max: 77.55)
ATE_test_f1: 84.0(max:86.84)
********************************************************************************
********************************************************************************
Train 1 Epoch5, Evaluate for atepc_datasets/restaurant
APC_test_acc: 81.86(max: 83.74)  APC_test_f1: 72.13(max: 77.55)
ATE_test_f1: 84.18(max:86.84)
********************************************************************************
********************************************************************************
Train 1 Epoch5, Evaluate for atepc_datasets/restaurant
APC_test_acc: 82.66(max: 83.74)  APC_test_f1: 75.09(max: 77.55)
ATE_test_f1: 84.2(max:86.84)
********************************************************************************
********************************************************************************
Train 1 Epoch5, Evaluate for atepc_datasets/restaurant
APC_test_acc: 81.68(max: 83.74)  APC_test_f1: 71.25(max: 77.55)
ATE_test_f1: 84.06(max:86.84)
********************************************************************************
********************************************************************************
Train 1 Epoch5, Evaluate for atepc_datasets/restaurant
APC_test_acc: 81.41(max: 83.74)  APC_test_f1: 69.82(max: 77.55)
ATE_test_f1: 83.97(max:86.84)
********************************************************************************
********************************************************************************
Train 1 Epoch5, Evaluate for atepc_datasets/restaurant
APC_test_acc: 81.5(max: 83.74)  APC_test_f1: 73.63(max: 77.55)
ATE_test_f1: 83.46(max:86.84)
********************************************************************************
********************************************************************************
Train 1 Epoch5, Evaluate for atepc_datasets/restaurant
APC_test_acc: 80.43(max: 83.74)  APC_test_f1: 70.4(max: 77.55)
ATE_test_f1: 82.37(max:86.84)
********************************************************************************
********************************************************************************
Train 1 Epoch5, Evaluate for atepc_datasets/restaurant
APC_test_acc: 80.7(max: 83.74)  APC_test_f1: 72.6(max: 77.55)
ATE_test_f1: 80.91(max:86.84)
********************************************************************************
********************************************************************************
Train 1 Epoch5, Evaluate for atepc_datasets/restaurant
APC_test_acc: 80.34(max: 83.74)  APC_test_f1: 67.86(max: 77.55)
ATE_test_f1: 83.39(max:86.84)
********************************************************************************
********************************************************************************
Train 1 Epoch5, Evaluate for atepc_datasets/restaurant
APC_test_acc: 79.71(max: 83.74)  APC_test_f1: 65.43(max: 77.55)
ATE_test_f1: 83.96(max:86.84)
********************************************************************************
********************************************************************************
Train 1 Epoch5, Evaluate for atepc_datasets/restaurant
APC_test_acc: 79.98(max: 83.74)  APC_test_f1: 67.8(max: 77.55)
ATE_test_f1: 84.02(max:86.84)
********************************************************************************
********************************************************************************
Train 1 Epoch5, Evaluate for atepc_datasets/restaurant
APC_test_acc: 80.16(max: 83.74)  APC_test_f1: 71.37(max: 77.55)
ATE_test_f1: 82.91(max:86.84)
********************************************************************************
max_ate_test_f1:86.84 max_apc_test_acc: 83.74	max_apc_test_f1: 77.55 	
